# JRE version: Java(TM) SE Runtime Environment (8.0_251-b08) (build 1.8.0_251-b08)
# Java VM: Java HotSpot(TM) 64-Bit Server VM (25.251-b08 mixed mode windows-amd64 compressed oops)
Heap:
 PSYoungGen      total 190464K, used 72674K [0x00000000d5980000, 0x00000000e5000000, 0x0000000100000000)
  eden space 177152K, 33% used [0x00000000d5980000,0x00000000d9379440,0x00000000e0680000)
  from space 13312K, 99% used [0x00000000e4300000,0x00000000e4fff6c0,0x00000000e5000000)
  to   space 12288K, 0% used [0x00000000e0680000,0x00000000e0680000,0x00000000e1280000)
 ParOldGen       total 88576K, used 19274K [0x0000000080c00000, 0x0000000086280000, 0x00000000d5980000)
  object space 88576K, 21% used [0x0000000080c00000,0x0000000081ed2ab0,0x0000000086280000)
 Metaspace       used 55162K, capacity 58034K, committed 58200K, reserved 1099776K
  class space    used 7446K, capacity 7950K, committed 8024K, reserved 1048576K
GC Heap History (10 events):
Event: 2.960 GC heap before
{Heap before GC invocations=8 (full 1):
 PSYoungGen      total 114688K, used 114622K [0x00000000d5980000, 0x00000000de880000, 0x0000000100000000)
  eden space 110080K, 100% used [0x00000000d5980000,0x00000000dc500000,0x00000000dc500000)
  from space 4608K, 98% used [0x00000000de400000,0x00000000de86f850,0x00000000de880000)
  to   space 8704K, 0% used [0x00000000dd780000,0x00000000dd780000,0x00000000de000000)
 ParOldGen       total 55296K, used 6958K [0x0000000080c00000, 0x0000000084200000, 0x00000000d5980000)
  object space 55296K, 12% used [0x0000000080c00000,0x00000000812cb988,0x0000000084200000)
 Metaspace       used 28291K, capacity 29890K, committed 29952K, reserved 1075200K
  class space    used 3770K, capacity 4091K, committed 4096K, reserved 1048576K
Event: 2.969 GC heap after
Heap after GC invocations=8 (full 1):
 PSYoungGen      total 137728K, used 8674K [0x00000000d5980000, 0x00000000e1d00000, 0x0000000100000000)
  eden space 129024K, 0% used [0x00000000d5980000,0x00000000d5980000,0x00000000dd780000)
  from space 8704K, 99% used [0x00000000dd780000,0x00000000ddff8a08,0x00000000de000000)
  to   space 10752K, 0% used [0x00000000e1280000,0x00000000e1280000,0x00000000e1d00000)
 ParOldGen       total 55296K, used 9691K [0x0000000080c00000, 0x0000000084200000, 0x00000000d5980000)
  object space 55296K, 17% used [0x0000000080c00000,0x0000000081576d30,0x0000000084200000)
 Metaspace       used 28291K, capacity 29890K, committed 29952K, reserved 1075200K
  class space    used 3770K, capacity 4091K, committed 4096K, reserved 1048576K
}
Event: 3.809 GC heap before
{Heap before GC invocations=9 (full 1):
 PSYoungGen      total 137728K, used 114991K [0x00000000d5980000, 0x00000000e1d00000, 0x0000000100000000)
  eden space 129024K, 82% used [0x00000000d5980000,0x00000000dc1532e0,0x00000000dd780000)
  from space 8704K, 99% used [0x00000000dd780000,0x00000000ddff8a08,0x00000000de000000)
  to   space 10752K, 0% used [0x00000000e1280000,0x00000000e1280000,0x00000000e1d00000)
 ParOldGen       total 55296K, used 9691K [0x0000000080c00000, 0x0000000084200000, 0x00000000d5980000)
  object space 55296K, 17% used [0x0000000080c00000,0x0000000081576d30,0x0000000084200000)
 Metaspace       used 33096K, capacity 35328K, committed 35416K, reserved 1079296K
  class space    used 4460K, capacity 4868K, committed 4952K, reserved 1048576K
Event: 3.818 GC heap after
Heap after GC invocations=9 (full 1):
 PSYoungGen      total 187904K, used 10740K [0x00000000d5980000, 0x00000000e3a80000, 0x0000000100000000)
  eden space 177152K, 0% used [0x00000000d5980000,0x00000000d5980000,0x00000000e0680000)
  from space 10752K, 99% used [0x00000000e1280000,0x00000000e1cfd108,0x00000000e1d00000)
  to   space 12288K, 0% used [0x00000000e0680000,0x00000000e0680000,0x00000000e1280000)
 ParOldGen       total 55296K, used 10191K [0x0000000080c00000, 0x0000000084200000, 0x00000000d5980000)
  object space 55296K, 18% used [0x0000000080c00000,0x00000000815f3c28,0x0000000084200000)
 Metaspace       used 33096K, capacity 35328K, committed 35416K, reserved 1079296K
  class space    used 4460K, capacity 4868K, committed 4952K, reserved 1048576K
}
Event: 3.818 GC heap before
{Heap before GC invocations=10 (full 2):
 PSYoungGen      total 187904K, used 10740K [0x00000000d5980000, 0x00000000e3a80000, 0x0000000100000000)
  eden space 177152K, 0% used [0x00000000d5980000,0x00000000d5980000,0x00000000e0680000)
  from space 10752K, 99% used [0x00000000e1280000,0x00000000e1cfd108,0x00000000e1d00000)
  to   space 12288K, 0% used [0x00000000e0680000,0x00000000e0680000,0x00000000e1280000)
 ParOldGen       total 55296K, used 10191K [0x0000000080c00000, 0x0000000084200000, 0x00000000d5980000)
  object space 55296K, 18% used [0x0000000080c00000,0x00000000815f3c28,0x0000000084200000)
 Metaspace       used 33096K, capacity 35328K, committed 35416K, reserved 1079296K
  class space    used 4460K, capacity 4868K, committed 4952K, reserved 1048576K
Event: 3.863 GC heap after
Heap after GC invocations=10 (full 2):
 PSYoungGen      total 187904K, used 0K [0x00000000d5980000, 0x00000000e3a80000, 0x0000000100000000)
  eden space 177152K, 0% used [0x00000000d5980000,0x00000000d5980000,0x00000000e0680000)
  from space 10752K, 0% used [0x00000000e1280000,0x00000000e1280000,0x00000000e1d00000)
  to   space 12288K, 0% used [0x00000000e0680000,0x00000000e0680000,0x00000000e1280000)
 ParOldGen       total 88576K, used 16206K [0x0000000080c00000, 0x0000000086280000, 0x00000000d5980000)
  object space 88576K, 18% used [0x0000000080c00000,0x0000000081bd3950,0x0000000086280000)
 Metaspace       used 33096K, capacity 35328K, committed 35416K, reserved 1079296K
  class space    used 4460K, capacity 4868K, committed 4952K, reserved 1048576K
}
Event: 5.610 GC heap before
{Heap before GC invocations=11 (full 2):
 PSYoungGen      total 187904K, used 177152K [0x00000000d5980000, 0x00000000e3a80000, 0x0000000100000000)
  eden space 177152K, 100% used [0x00000000d5980000,0x00000000e0680000,0x00000000e0680000)
  from space 10752K, 0% used [0x00000000e1280000,0x00000000e1280000,0x00000000e1d00000)
  to   space 12288K, 0% used [0x00000000e0680000,0x00000000e0680000,0x00000000e1280000)
 ParOldGen       total 88576K, used 16206K [0x0000000080c00000, 0x0000000086280000, 0x00000000d5980000)
  object space 88576K, 18% used [0x0000000080c00000,0x0000000081bd3950,0x0000000086280000)
 Metaspace       used 41930K, capacity 44456K, committed 44632K, reserved 1087488K
  class space    used 5436K, capacity 5863K, committed 5976K, reserved 1048576K
Event: 5.627 GC heap after
Heap after GC invocations=11 (full 2):
 PSYoungGen      total 189440K, used 9960K [0x00000000d5980000, 0x00000000e5000000, 0x0000000100000000)
  eden space 177152K, 0% used [0x00000000d5980000,0x00000000d5980000,0x00000000e0680000)
  from space 12288K, 81% used [0x00000000e0680000,0x00000000e103a288,0x00000000e1280000)
  to   space 13312K, 0% used [0x00000000e4300000,0x00000000e4300000,0x00000000e5000000)
 ParOldGen       total 88576K, used 16214K [0x0000000080c00000, 0x0000000086280000, 0x00000000d5980000)
  object space 88576K, 18% used [0x0000000080c00000,0x0000000081bd5950,0x0000000086280000)
 Metaspace       used 41930K, capacity 44456K, committed 44632K, reserved 1087488K
  class space    used 5436K, capacity 5863K, committed 5976K, reserved 1048576K
}
Event: 6.653 GC heap before
{Heap before GC invocations=12 (full 2):
 PSYoungGen      total 189440K, used 187112K [0x00000000d5980000, 0x00000000e5000000, 0x0000000100000000)
  eden space 177152K, 100% used [0x00000000d5980000,0x00000000e0680000,0x00000000e0680000)
  from space 12288K, 81% used [0x00000000e0680000,0x00000000e103a288,0x00000000e1280000)
  to   space 13312K, 0% used [0x00000000e4300000,0x00000000e4300000,0x00000000e5000000)
 ParOldGen       total 88576K, used 16214K [0x0000000080c00000, 0x0000000086280000, 0x00000000d5980000)
  object space 88576K, 18% used [0x0000000080c00000,0x0000000081bd5950,0x0000000086280000)
 Metaspace       used 52892K, capacity 55678K, committed 56024K, reserved 1097728K
  class space    used 7118K, capacity 7606K, committed 7640K, reserved 1048576K
Event: 6.694 GC heap after
Heap after GC invocations=12 (full 2):
 PSYoungGen      total 190464K, used 13309K [0x00000000d5980000, 0x00000000e5000000, 0x0000000100000000)
  eden space 177152K, 0% used [0x00000000d5980000,0x00000000d5980000,0x00000000e0680000)
  from space 13312K, 99% used [0x00000000e4300000,0x00000000e4fff6c0,0x00000000e5000000)
  to   space 12288K, 0% used [0x00000000e0680000,0x00000000e0680000,0x00000000e1280000)
 ParOldGen       total 88576K, used 19274K [0x0000000080c00000, 0x0000000086280000, 0x00000000d5980000)
  object space 88576K, 21% used [0x0000000080c00000,0x0000000081ed2ab0,0x0000000086280000)
 Metaspace       used 52892K, capacity 55678K, committed 56024K, reserved 1097728K
  class space    used 7118K, capacity 7606K, committed 7640K, reserved 1048576K
}

